C:\USERS\CHUPIK\DOCUMENTS\VISUAL STUDIO 2010\PROJECTS\OS_4\DEBUG\OS_4.EXE
C:\USERS\CHUPIK\DOCUMENTS\VISUAL STUDIO 2010\PROJECTS\OS_4\DEBUG\OS_4.ILK
C:\USERS\CHUPIK\DOCUMENTS\VISUAL STUDIO 2010\PROJECTS\OS_4\DEBUG\OS_4.PDB
c:\Users\Chupik\documents\visual studio 2010\Projects\OS_4\OS_4\Debug\cl.command.1.tlog
c:\Users\Chupik\documents\visual studio 2010\Projects\OS_4\OS_4\Debug\CL.read.1.tlog
c:\Users\Chupik\documents\visual studio 2010\Projects\OS_4\OS_4\Debug\CL.write.1.tlog
c:\Users\Chupik\documents\visual studio 2010\Projects\OS_4\OS_4\Debug\link.4888.read.1.tlog
c:\Users\Chupik\documents\visual studio 2010\Projects\OS_4\OS_4\Debug\link.4888.write.1.tlog
c:\Users\Chupik\documents\visual studio 2010\Projects\OS_4\OS_4\Debug\link.4888-cvtres.read.1.tlog
c:\Users\Chupik\documents\visual studio 2010\Projects\OS_4\OS_4\Debug\link.4888-cvtres.write.1.tlog
c:\Users\Chupik\documents\visual studio 2010\Projects\OS_4\OS_4\Debug\link.5804.read.1.tlog
c:\Users\Chupik\documents\visual studio 2010\Projects\OS_4\OS_4\Debug\link.5804.write.1.tlog
c:\Users\Chupik\documents\visual studio 2010\Projects\OS_4\OS_4\Debug\link.5804-cvtres.read.1.tlog
c:\Users\Chupik\documents\visual studio 2010\Projects\OS_4\OS_4\Debug\link.5804-cvtres.write.1.tlog
c:\Users\Chupik\documents\visual studio 2010\Projects\OS_4\OS_4\Debug\link.command.1.tlog
c:\Users\Chupik\documents\visual studio 2010\Projects\OS_4\OS_4\Debug\link.read.1.tlog
c:\Users\Chupik\documents\visual studio 2010\Projects\OS_4\OS_4\Debug\link.write.1.tlog
c:\Users\Chupik\documents\visual studio 2010\Projects\OS_4\OS_4\Debug\link-cvtres.read.1.tlog
c:\Users\Chupik\documents\visual studio 2010\Projects\OS_4\OS_4\Debug\link-cvtres.write.1.tlog
c:\Users\Chupik\documents\visual studio 2010\Projects\OS_4\OS_4\Debug\mt.command.1.tlog
c:\Users\Chupik\documents\visual studio 2010\Projects\OS_4\OS_4\Debug\mt.read.1.tlog
c:\Users\Chupik\documents\visual studio 2010\Projects\OS_4\OS_4\Debug\mt.write.1.tlog
C:\USERS\CHUPIK\DOCUMENTS\VISUAL STUDIO 2010\PROJECTS\OS_4\OS_4\DEBUG\OS_4.EXE.EMBED.MANIFEST
C:\USERS\CHUPIK\DOCUMENTS\VISUAL STUDIO 2010\PROJECTS\OS_4\OS_4\DEBUG\OS_4.EXE.EMBED.MANIFEST.RES
C:\USERS\CHUPIK\DOCUMENTS\VISUAL STUDIO 2010\PROJECTS\OS_4\OS_4\DEBUG\OS_4.EXE.INTERMEDIATE.MANIFEST
C:\USERS\CHUPIK\DOCUMENTS\VISUAL STUDIO 2010\PROJECTS\OS_4\OS_4\DEBUG\OS_4.OBJ
C:\USERS\CHUPIK\DOCUMENTS\VISUAL STUDIO 2010\PROJECTS\OS_4\OS_4\DEBUG\OS_4.PCH
C:\USERS\CHUPIK\DOCUMENTS\VISUAL STUDIO 2010\PROJECTS\OS_4\OS_4\DEBUG\OS_4.RES
c:\Users\Chupik\documents\visual studio 2010\Projects\OS_4\OS_4\Debug\OS_4.vcxprojResolveAssemblyReference.cache
c:\Users\Chupik\documents\visual studio 2010\Projects\OS_4\OS_4\Debug\OS_4.write.1.tlog
c:\Users\Chupik\documents\visual studio 2010\Projects\OS_4\OS_4\Debug\OS_4_manifest.rc
c:\Users\Chupik\documents\visual studio 2010\Projects\OS_4\OS_4\Debug\rc.command.1.tlog
c:\Users\Chupik\documents\visual studio 2010\Projects\OS_4\OS_4\Debug\rc.read.1.tlog
c:\Users\Chupik\documents\visual studio 2010\Projects\OS_4\OS_4\Debug\rc.write.1.tlog
C:\USERS\CHUPIK\DOCUMENTS\VISUAL STUDIO 2010\PROJECTS\OS_4\OS_4\DEBUG\STDAFX.OBJ
c:\Users\Chupik\documents\visual studio 2010\Projects\OS_4\OS_4\Debug\vc100.idb
C:\USERS\CHUPIK\DOCUMENTS\VISUAL STUDIO 2010\PROJECTS\OS_4\OS_4\DEBUG\VC100.PDB
